--------------- Rebuild Started: 03/04/2020 22:08:54 Project: ws2812_fun, Configuration: ARM GCC 5.4-2016-q2-update Debug ---------------
Deleting file ".\ARM_GCC_541\Debug\main.o"
Deleting file ".\ARM_GCC_541\Debug\cyfitter_cfg.o"
Deleting file ".\ARM_GCC_541\Debug\cymetadata.o"
Deleting file ".\ARM_GCC_541\Debug\Cm0Start.o"
Deleting file ".\ARM_GCC_541\Debug\CyBootAsmGnu.o"
Deleting file ".\ARM_GCC_541\Debug\CyFlash.o"
Deleting file ".\ARM_GCC_541\Debug\CyLib.o"
Deleting file ".\ARM_GCC_541\Debug\cyPm.o"
Deleting file ".\ARM_GCC_541\Debug\cyutils.o"
Deleting file ".\ARM_GCC_541\Debug\P04.o"
Deleting file ".\ARM_GCC_541\Debug\P04_PM.o"
Deleting file ".\ARM_GCC_541\Debug\StripLights.o"
Deleting file ".\ARM_GCC_541\Debug\StripLights_fonts.o"
Deleting file ".\ARM_GCC_541\Debug\StripLights_isr.o"
Deleting file ".\ARM_GCC_541\Debug\StripLights_StringSel.o"
Deleting file ".\ARM_GCC_541\Debug\StripLights_StringSel_PM.o"
Deleting file ".\ARM_GCC_541\Debug\cy_em_eeprom.o"
Deleting file ".\ARM_GCC_541\Debug\CyDMA.o"
Deleting file ".\ARM_GCC_541\Debug\CyLFClk.o"
Deleting file ".\ws2812_fun.rpt"
Deleting file ".\ARM_GCC_541\Debug\.deps\SOURCE_C__ARM_GCC_GENERIC.P"
Deleting file ".\ARM_GCC_541\Debug\.deps\SOURCE_ASM__ARM_GCC_GENERIC.P"
cydsfit.exe -.appdatapath "C:\Users\Dan\AppData\Local\Cypress Semiconductor\PSoC Creator\4.2" -.fdsnotice -.fdswarpdepfile=warp_dependencies.txt -.fdselabdepfile=elab_dependencies.txt -.fdsbldfile=generated_files.txt -.fdsreffile=referenced_files.txt -p C:\dev\ws2812_psoc_fun\ws2812_fun.cydsn\ws2812_fun.cyprj -d CY8C4247AZI-M485 -s C:\dev\ws2812_psoc_fun\ws2812_fun.cydsn\Generated_Source\PSoC4 -- -yv2 -q10 -ygs -o2 -v3 -.fftcfgtype=LE
ADD: fit.M0031: error: Clock Error: (Use of the Timer (WDT) ISR 'Auto generated' option requires the cy_lfclk component to be available in the design and it is not. To fix the problem either:
1. Change the option to ''User provided" in the .cydwr file. 
2. Address the following reason as to why cy_lf_clk is not available. cy_lfclk_v1_20 is not used by this project. Only supported when cy_boot v5.0 or newer is used.).
 *  (Component Update Tool)
 * C:\dev\ws2812_psoc_fun\ws2812_fun.cydsn\ws2812_fun.cydwr (Timer (WDT) ISR)
Elaborating Design...
ADD: sdb.M0059: error: Error in component: cy_boot. The cy_boot_v4_0 component (cy_boot) is not compatible with the selected device. Please check the component datasheet for details on updating to a compatible component.
Error: fit.M0050: The fitter aborted due to errors, please address all errors and rebuild. (App=cydsfit)
--------------- Rebuild Failed: 03/04/2020 22:08:57 ---------------
